<?xml version="1.0" encoding="UTF-8"?>
<!-- Generated by org.testng.reporters.JUnitXMLReporter -->
<testsuite ignored="0" hostname="DESKTOP-352SGAD" failures="0" tests="11" name="Default test" time="52.396" errors="0" timestamp="2021-11-16T14:40:22 IST">
  <testcase classname="com.sgtesting.actitime.scenarios.Assignment6ObjectModel" name="launchBrowser" time="2.168"/>
  <testcase classname="com.sgtesting.actitime.scenarios.Assignment6ObjectModel" name="navigate" time="2.728"/>
  <testcase classname="com.sgtesting.actitime.scenarios.Assignment6ObjectModel" name="login" time="5.267"/>
  <testcase classname="com.sgtesting.actitime.scenarios.Assignment6ObjectModel" name="minimizeFlyOutWindow" time="2.085"/>
  <testcase classname="com.sgtesting.actitime.scenarios.Assignment6ObjectModel" name="createcustomer" time="7.993"/>
  <testcase classname="com.sgtesting.actitime.scenarios.Assignment6ObjectModel" name="createproject" time="5.726"/>
  <testcase classname="com.sgtesting.actitime.scenarios.Assignment6ObjectModel" name="modifyproject" time="9.544"/>
  <testcase classname="com.sgtesting.actitime.scenarios.Assignment6ObjectModel" name="deleteproject" time="7.05"/>
  <testcase classname="com.sgtesting.actitime.scenarios.Assignment6ObjectModel" name="deletecustomer" time="7.103"/>
  <testcase classname="com.sgtesting.actitime.scenarios.Assignment6ObjectModel" name="logout" time="2.339"/>
  <testcase classname="com.sgtesting.actitime.scenarios.Assignment6ObjectModel" name="closeApplication" time="0.306"/>
</testsuite> <!-- Default test -->
