<?xml version="1.0" encoding="UTF-8"?>
<testng-results ignored="0" total="67" passed="67" failed="0" skipped="0">
  <reporter-output>
  </reporter-output>
  <suite started-at="2021-11-16T14:53:40 IST" name="Testng TestScripts" finished-at="2021-11-16T14:58:28 IST" duration-ms="288026">
    <groups>
    </groups>
    <test started-at="2021-11-16T14:53:40 IST" name="ActiTimeScenarios" finished-at="2021-11-16T14:58:28 IST" duration-ms="288026">
      <class name="com.sgtesting.actitime.scenarios.Assignment6ObjectModel">
        <test-method signature="launchBrowser()[pri:1, instance:com.sgtesting.actitime.scenarios.Assignment6ObjectModel@6d60fe40]" started-at="2021-11-16T14:56:35 IST" name="launchBrowser" finished-at="2021-11-16T14:56:36 IST" duration-ms="1107" status="PASS">
          <reporter-output>
          </reporter-output>
        </test-method> <!-- launchBrowser -->
        <test-method signature="navigate()[pri:2, instance:com.sgtesting.actitime.scenarios.Assignment6ObjectModel@6d60fe40]" started-at="2021-11-16T14:56:36 IST" name="navigate" finished-at="2021-11-16T14:56:38 IST" duration-ms="1870" status="PASS">
          <reporter-output>
          </reporter-output>
        </test-method> <!-- navigate -->
        <test-method signature="login(java.lang.String,java.lang.String)[pri:3, instance:com.sgtesting.actitime.scenarios.Assignment6ObjectModel@6d60fe40]" started-at="2021-11-16T14:56:38 IST" name="login" data-provider="credentails" finished-at="2021-11-16T14:56:44 IST" duration-ms="5244" status="PASS">
          <params>
            <param index="0">
              <value>
                <![CDATA[admin]]>
              </value>
            </param>
            <param index="1">
              <value>
                <![CDATA[manager]]>
              </value>
            </param>
          </params>
          <reporter-output>
          </reporter-output>
        </test-method> <!-- login -->
        <test-method signature="minimizeFlyOutWindow()[pri:4, instance:com.sgtesting.actitime.scenarios.Assignment6ObjectModel@6d60fe40]" started-at="2021-11-16T14:56:44 IST" name="minimizeFlyOutWindow" finished-at="2021-11-16T14:56:46 IST" duration-ms="2091" status="PASS">
          <reporter-output>
          </reporter-output>
        </test-method> <!-- minimizeFlyOutWindow -->
        <test-method signature="createcustomer(java.lang.String)[pri:5, instance:com.sgtesting.actitime.scenarios.Assignment6ObjectModel@6d60fe40]" started-at="2021-11-16T14:56:46 IST" name="createcustomer" data-provider="createCustomer1Credentials" finished-at="2021-11-16T14:56:54 IST" duration-ms="7981" status="PASS">
          <params>
            <param index="0">
              <value>
                <![CDATA[Customer1]]>
              </value>
            </param>
          </params>
          <reporter-output>
          </reporter-output>
        </test-method> <!-- createcustomer -->
        <test-method signature="createproject(java.lang.String)[pri:6, instance:com.sgtesting.actitime.scenarios.Assignment6ObjectModel@6d60fe40]" started-at="2021-11-16T14:56:54 IST" name="createproject" data-provider="createProject1Credentials" finished-at="2021-11-16T14:56:59 IST" duration-ms="5687" status="PASS">
          <params>
            <param index="0">
              <value>
                <![CDATA[Project1]]>
              </value>
            </param>
          </params>
          <reporter-output>
          </reporter-output>
        </test-method> <!-- createproject -->
        <test-method signature="modifyproject(java.lang.String)[pri:7, instance:com.sgtesting.actitime.scenarios.Assignment6ObjectModel@6d60fe40]" started-at="2021-11-16T14:56:59 IST" name="modifyproject" data-provider="modifyProject1Credentials" finished-at="2021-11-16T14:57:09 IST" duration-ms="9435" status="PASS">
          <params>
            <param index="0">
              <value>
                <![CDATA[Project 303]]>
              </value>
            </param>
          </params>
          <reporter-output>
          </reporter-output>
        </test-method> <!-- modifyproject -->
        <test-method signature="deleteproject()[pri:8, instance:com.sgtesting.actitime.scenarios.Assignment6ObjectModel@6d60fe40]" started-at="2021-11-16T14:57:09 IST" name="deleteproject" finished-at="2021-11-16T14:57:16 IST" duration-ms="7010" status="PASS">
          <reporter-output>
          </reporter-output>
        </test-method> <!-- deleteproject -->
        <test-method signature="deletecustomer()[pri:9, instance:com.sgtesting.actitime.scenarios.Assignment6ObjectModel@6d60fe40]" started-at="2021-11-16T14:57:16 IST" name="deletecustomer" finished-at="2021-11-16T14:57:23 IST" duration-ms="7003" status="PASS">
          <reporter-output>
          </reporter-output>
        </test-method> <!-- deletecustomer -->
        <test-method signature="logout()[pri:10, instance:com.sgtesting.actitime.scenarios.Assignment6ObjectModel@6d60fe40]" started-at="2021-11-16T14:57:23 IST" name="logout" finished-at="2021-11-16T14:57:25 IST" duration-ms="2428" status="PASS">
          <reporter-output>
          </reporter-output>
        </test-method> <!-- logout -->
        <test-method signature="closeApplication()[pri:11, instance:com.sgtesting.actitime.scenarios.Assignment6ObjectModel@6d60fe40]" started-at="2021-11-16T14:57:25 IST" name="closeApplication" finished-at="2021-11-16T14:57:26 IST" duration-ms="298" status="PASS">
          <reporter-output>
          </reporter-output>
        </test-method> <!-- closeApplication -->
      </class> <!-- com.sgtesting.actitime.scenarios.Assignment6ObjectModel -->
      <class name="com.sgtesting.actitime.scenarios.Assignment1ObjectModel">
        <test-method signature="launchBrowser()[pri:1, instance:com.sgtesting.actitime.scenarios.Assignment1ObjectModel@5b247367]" started-at="2021-11-16T14:53:40 IST" name="launchBrowser" finished-at="2021-11-16T14:53:42 IST" duration-ms="2356" status="PASS">
          <reporter-output>
          </reporter-output>
        </test-method> <!-- launchBrowser -->
        <test-method signature="navigate()[pri:2, instance:com.sgtesting.actitime.scenarios.Assignment1ObjectModel@5b247367]" started-at="2021-11-16T14:53:42 IST" name="navigate" finished-at="2021-11-16T14:53:44 IST" duration-ms="1599" status="PASS">
          <reporter-output>
          </reporter-output>
        </test-method> <!-- navigate -->
        <test-method signature="login(java.lang.String,java.lang.String)[pri:3, instance:com.sgtesting.actitime.scenarios.Assignment1ObjectModel@5b247367]" started-at="2021-11-16T14:53:44 IST" name="login" data-provider="credentails" finished-at="2021-11-16T14:53:49 IST" duration-ms="5260" status="PASS">
          <params>
            <param index="0">
              <value>
                <![CDATA[admin]]>
              </value>
            </param>
            <param index="1">
              <value>
                <![CDATA[manager]]>
              </value>
            </param>
          </params>
          <reporter-output>
          </reporter-output>
        </test-method> <!-- login -->
        <test-method signature="minimizeFlyOutWindow()[pri:4, instance:com.sgtesting.actitime.scenarios.Assignment1ObjectModel@5b247367]" started-at="2021-11-16T14:53:49 IST" name="minimizeFlyOutWindow" finished-at="2021-11-16T14:53:51 IST" duration-ms="2071" status="PASS">
          <reporter-output>
          </reporter-output>
        </test-method> <!-- minimizeFlyOutWindow -->
        <test-method signature="createUser1(java.lang.String,java.lang.String,java.lang.String,java.lang.String,java.lang.String,java.lang.String)[pri:5, instance:com.sgtesting.actitime.scenarios.Assignment1ObjectModel@5b247367]" started-at="2021-11-16T14:53:51 IST" name="createUser1" data-provider="createuser1Credentials" finished-at="2021-11-16T14:54:01 IST" duration-ms="10069" status="PASS">
          <params>
            <param index="0">
              <value>
                <![CDATA[User1]]>
              </value>
            </param>
            <param index="1">
              <value>
                <![CDATA[Demo1]]>
              </value>
            </param>
            <param index="2">
              <value>
                <![CDATA[User1@gmail.com]]>
              </value>
            </param>
            <param index="3">
              <value>
                <![CDATA[USER1]]>
              </value>
            </param>
            <param index="4">
              <value>
                <![CDATA[1234]]>
              </value>
            </param>
            <param index="5">
              <value>
                <![CDATA[1234]]>
              </value>
            </param>
          </params>
          <reporter-output>
          </reporter-output>
        </test-method> <!-- createUser1 -->
        <test-method signature="deleteUser1()[pri:6, instance:com.sgtesting.actitime.scenarios.Assignment1ObjectModel@5b247367]" started-at="2021-11-16T14:54:01 IST" name="deleteUser1" finished-at="2021-11-16T14:54:13 IST" duration-ms="11341" status="PASS">
          <reporter-output>
          </reporter-output>
        </test-method> <!-- deleteUser1 -->
        <test-method signature="logout()[pri:7, instance:com.sgtesting.actitime.scenarios.Assignment1ObjectModel@5b247367]" started-at="2021-11-16T14:54:13 IST" name="logout" finished-at="2021-11-16T14:54:15 IST" duration-ms="2345" status="PASS">
          <reporter-output>
          </reporter-output>
        </test-method> <!-- logout -->
        <test-method signature="closeApplication()[pri:8, instance:com.sgtesting.actitime.scenarios.Assignment1ObjectModel@5b247367]" started-at="2021-11-16T14:54:15 IST" name="closeApplication" finished-at="2021-11-16T14:54:15 IST" duration-ms="353" status="PASS">
          <reporter-output>
          </reporter-output>
        </test-method> <!-- closeApplication -->
      </class> <!-- com.sgtesting.actitime.scenarios.Assignment1ObjectModel -->
      <class name="com.sgtesting.actitime.scenarios.Assignment7ObjectModel">
        <test-method signature="launchBrowser()[pri:1, instance:com.sgtesting.actitime.scenarios.Assignment7ObjectModel@792b749c]" started-at="2021-11-16T14:57:26 IST" name="launchBrowser" finished-at="2021-11-16T14:57:27 IST" duration-ms="1247" status="PASS">
          <reporter-output>
          </reporter-output>
        </test-method> <!-- launchBrowser -->
        <test-method signature="navigate()[pri:2, instance:com.sgtesting.actitime.scenarios.Assignment7ObjectModel@792b749c]" started-at="2021-11-16T14:57:27 IST" name="navigate" finished-at="2021-11-16T14:57:29 IST" duration-ms="2064" status="PASS">
          <reporter-output>
          </reporter-output>
        </test-method> <!-- navigate -->
        <test-method signature="login(java.lang.String,java.lang.String)[pri:3, instance:com.sgtesting.actitime.scenarios.Assignment7ObjectModel@792b749c]" started-at="2021-11-16T14:57:29 IST" name="login" data-provider="credentails" finished-at="2021-11-16T14:57:34 IST" duration-ms="5233" status="PASS">
          <params>
            <param index="0">
              <value>
                <![CDATA[admin]]>
              </value>
            </param>
            <param index="1">
              <value>
                <![CDATA[manager]]>
              </value>
            </param>
          </params>
          <reporter-output>
          </reporter-output>
        </test-method> <!-- login -->
        <test-method signature="minimizeFlyOutWindow()[pri:4, instance:com.sgtesting.actitime.scenarios.Assignment7ObjectModel@792b749c]" started-at="2021-11-16T14:57:34 IST" name="minimizeFlyOutWindow" finished-at="2021-11-16T14:57:36 IST" duration-ms="2053" status="PASS">
          <reporter-output>
          </reporter-output>
        </test-method> <!-- minimizeFlyOutWindow -->
        <test-method signature="createcustomer(java.lang.String)[pri:5, instance:com.sgtesting.actitime.scenarios.Assignment7ObjectModel@792b749c]" started-at="2021-11-16T14:57:36 IST" name="createcustomer" data-provider="createCustomer1Credentials" finished-at="2021-11-16T14:57:44 IST" duration-ms="8090" status="PASS">
          <params>
            <param index="0">
              <value>
                <![CDATA[Customer1]]>
              </value>
            </param>
          </params>
          <reporter-output>
          </reporter-output>
        </test-method> <!-- createcustomer -->
        <test-method signature="createproject(java.lang.String)[pri:6, instance:com.sgtesting.actitime.scenarios.Assignment7ObjectModel@792b749c]" started-at="2021-11-16T14:57:44 IST" name="createproject" data-provider="createProject1Credentials" finished-at="2021-11-16T14:57:50 IST" duration-ms="5625" status="PASS">
          <params>
            <param index="0">
              <value>
                <![CDATA[Project1]]>
              </value>
            </param>
          </params>
          <reporter-output>
          </reporter-output>
        </test-method> <!-- createproject -->
        <test-method signature="createTask(java.lang.String)[pri:7, instance:com.sgtesting.actitime.scenarios.Assignment7ObjectModel@792b749c]" started-at="2021-11-16T14:57:50 IST" name="createTask" data-provider="createTask1Credentials" finished-at="2021-11-16T14:58:01 IST" duration-ms="10666" status="PASS">
          <params>
            <param index="0">
              <value>
                <![CDATA[Task1]]>
              </value>
            </param>
          </params>
          <reporter-output>
          </reporter-output>
        </test-method> <!-- createTask -->
        <test-method signature="deleteTask()[pri:8, instance:com.sgtesting.actitime.scenarios.Assignment7ObjectModel@792b749c]" started-at="2021-11-16T14:58:01 IST" name="deleteTask" finished-at="2021-11-16T14:58:11 IST" duration-ms="10546" status="PASS">
          <reporter-output>
          </reporter-output>
        </test-method> <!-- deleteTask -->
        <test-method signature="deleteproject()[pri:9, instance:com.sgtesting.actitime.scenarios.Assignment7ObjectModel@792b749c]" started-at="2021-11-16T14:58:11 IST" name="deleteproject" finished-at="2021-11-16T14:58:18 IST" duration-ms="7107" status="PASS">
          <reporter-output>
          </reporter-output>
        </test-method> <!-- deleteproject -->
        <test-method signature="deletecustomer()[pri:10, instance:com.sgtesting.actitime.scenarios.Assignment7ObjectModel@792b749c]" started-at="2021-11-16T14:58:18 IST" name="deletecustomer" finished-at="2021-11-16T14:58:25 IST" duration-ms="7008" status="PASS">
          <reporter-output>
          </reporter-output>
        </test-method> <!-- deletecustomer -->
        <test-method signature="logout()[pri:11, instance:com.sgtesting.actitime.scenarios.Assignment7ObjectModel@792b749c]" started-at="2021-11-16T14:58:25 IST" name="logout" finished-at="2021-11-16T14:58:27 IST" duration-ms="2307" status="PASS">
          <reporter-output>
          </reporter-output>
        </test-method> <!-- logout -->
        <test-method signature="closeApplication()[pri:12, instance:com.sgtesting.actitime.scenarios.Assignment7ObjectModel@792b749c]" started-at="2021-11-16T14:58:27 IST" name="closeApplication" finished-at="2021-11-16T14:58:28 IST" duration-ms="308" status="PASS">
          <reporter-output>
          </reporter-output>
        </test-method> <!-- closeApplication -->
      </class> <!-- com.sgtesting.actitime.scenarios.Assignment7ObjectModel -->
      <class name="com.sgtesting.actitime.scenarios.Assignment2ObjectModel">
        <test-method signature="launchBrowser()[pri:1, instance:com.sgtesting.actitime.scenarios.Assignment2ObjectModel@2b30a42c]" started-at="2021-11-16T14:54:15 IST" name="launchBrowser" finished-at="2021-11-16T14:54:16 IST" duration-ms="1101" status="PASS">
          <reporter-output>
          </reporter-output>
        </test-method> <!-- launchBrowser -->
        <test-method signature="navigate()[pri:2, instance:com.sgtesting.actitime.scenarios.Assignment2ObjectModel@2b30a42c]" started-at="2021-11-16T14:54:16 IST" name="navigate" finished-at="2021-11-16T14:54:20 IST" duration-ms="3409" status="PASS">
          <reporter-output>
          </reporter-output>
        </test-method> <!-- navigate -->
        <test-method signature="login(java.lang.String,java.lang.String)[pri:3, instance:com.sgtesting.actitime.scenarios.Assignment2ObjectModel@2b30a42c]" started-at="2021-11-16T14:54:20 IST" name="login" data-provider="credentails" finished-at="2021-11-16T14:54:25 IST" duration-ms="5233" status="PASS">
          <params>
            <param index="0">
              <value>
                <![CDATA[admin]]>
              </value>
            </param>
            <param index="1">
              <value>
                <![CDATA[manager]]>
              </value>
            </param>
          </params>
          <reporter-output>
          </reporter-output>
        </test-method> <!-- login -->
        <test-method signature="minimizeFlyOutWindow()[pri:4, instance:com.sgtesting.actitime.scenarios.Assignment2ObjectModel@2b30a42c]" started-at="2021-11-16T14:54:25 IST" name="minimizeFlyOutWindow" finished-at="2021-11-16T14:54:27 IST" duration-ms="2181" status="PASS">
          <reporter-output>
          </reporter-output>
        </test-method> <!-- minimizeFlyOutWindow -->
        <test-method signature="createUser1(java.lang.String,java.lang.String,java.lang.String,java.lang.String,java.lang.String,java.lang.String)[pri:5, instance:com.sgtesting.actitime.scenarios.Assignment2ObjectModel@2b30a42c]" started-at="2021-11-16T14:54:27 IST" name="createUser1" data-provider="createuser1Credentials" finished-at="2021-11-16T14:54:37 IST" duration-ms="10114" status="PASS">
          <params>
            <param index="0">
              <value>
                <![CDATA[User1]]>
              </value>
            </param>
            <param index="1">
              <value>
                <![CDATA[Demo1]]>
              </value>
            </param>
            <param index="2">
              <value>
                <![CDATA[User1@gmail.com]]>
              </value>
            </param>
            <param index="3">
              <value>
                <![CDATA[USER1]]>
              </value>
            </param>
            <param index="4">
              <value>
                <![CDATA[1234]]>
              </value>
            </param>
            <param index="5">
              <value>
                <![CDATA[1234]]>
              </value>
            </param>
          </params>
          <reporter-output>
          </reporter-output>
        </test-method> <!-- createUser1 -->
        <test-method signature="modifyUser1(java.lang.String,java.lang.String)[pri:6, instance:com.sgtesting.actitime.scenarios.Assignment2ObjectModel@2b30a42c]" started-at="2021-11-16T14:54:37 IST" name="modifyUser1" data-provider="modifyuser1Credentials" finished-at="2021-11-16T14:54:44 IST" duration-ms="6516" status="PASS">
          <params>
            <param index="0">
              <value>
                <![CDATA[12345]]>
              </value>
            </param>
            <param index="1">
              <value>
                <![CDATA[12345]]>
              </value>
            </param>
          </params>
          <reporter-output>
          </reporter-output>
        </test-method> <!-- modifyUser1 -->
        <test-method signature="deleteUser1()[pri:7, instance:com.sgtesting.actitime.scenarios.Assignment2ObjectModel@2b30a42c]" started-at="2021-11-16T14:54:44 IST" name="deleteUser1" finished-at="2021-11-16T14:54:55 IST" duration-ms="11313" status="PASS">
          <reporter-output>
          </reporter-output>
        </test-method> <!-- deleteUser1 -->
        <test-method signature="logout()[pri:8, instance:com.sgtesting.actitime.scenarios.Assignment2ObjectModel@2b30a42c]" started-at="2021-11-16T14:54:55 IST" name="logout" finished-at="2021-11-16T14:54:58 IST" duration-ms="2453" status="PASS">
          <reporter-output>
          </reporter-output>
        </test-method> <!-- logout -->
        <test-method signature="closeApplication()[pri:9, instance:com.sgtesting.actitime.scenarios.Assignment2ObjectModel@2b30a42c]" started-at="2021-11-16T14:54:58 IST" name="closeApplication" finished-at="2021-11-16T14:54:58 IST" duration-ms="295" status="PASS">
          <reporter-output>
          </reporter-output>
        </test-method> <!-- closeApplication -->
      </class> <!-- com.sgtesting.actitime.scenarios.Assignment2ObjectModel -->
      <class name="com.sgtesting.actitime.scenarios.Assignment3ObjectModel">
        <test-method signature="launchBrowser()[pri:1, instance:com.sgtesting.actitime.scenarios.Assignment3ObjectModel@609e8838]" started-at="2021-11-16T14:54:58 IST" name="launchBrowser" finished-at="2021-11-16T14:54:59 IST" duration-ms="1266" status="PASS">
          <reporter-output>
          </reporter-output>
        </test-method> <!-- launchBrowser -->
        <test-method signature="navigate()[pri:2, instance:com.sgtesting.actitime.scenarios.Assignment3ObjectModel@609e8838]" started-at="2021-11-16T14:54:59 IST" name="navigate" finished-at="2021-11-16T14:55:02 IST" duration-ms="2535" status="PASS">
          <reporter-output>
          </reporter-output>
        </test-method> <!-- navigate -->
        <test-method signature="login(java.lang.String,java.lang.String)[pri:3, instance:com.sgtesting.actitime.scenarios.Assignment3ObjectModel@609e8838]" started-at="2021-11-16T14:55:02 IST" name="login" data-provider="credentails" finished-at="2021-11-16T14:55:07 IST" duration-ms="5302" status="PASS">
          <params>
            <param index="0">
              <value>
                <![CDATA[admin]]>
              </value>
            </param>
            <param index="1">
              <value>
                <![CDATA[manager]]>
              </value>
            </param>
          </params>
          <reporter-output>
          </reporter-output>
        </test-method> <!-- login -->
        <test-method signature="minimizeFlyOutWindow()[pri:4, instance:com.sgtesting.actitime.scenarios.Assignment3ObjectModel@609e8838]" started-at="2021-11-16T14:55:07 IST" name="minimizeFlyOutWindow" finished-at="2021-11-16T14:55:09 IST" duration-ms="2072" status="PASS">
          <reporter-output>
          </reporter-output>
        </test-method> <!-- minimizeFlyOutWindow -->
        <test-method signature="createcustomer(java.lang.String)[pri:5, instance:com.sgtesting.actitime.scenarios.Assignment3ObjectModel@609e8838]" started-at="2021-11-16T14:55:09 IST" name="createcustomer" data-provider="createCustomer1Credentials" finished-at="2021-11-16T14:55:16 IST" duration-ms="6865" status="PASS">
          <params>
            <param index="0">
              <value>
                <![CDATA[Customer1]]>
              </value>
            </param>
          </params>
          <reporter-output>
          </reporter-output>
        </test-method> <!-- createcustomer -->
        <test-method signature="deletecustomer()[pri:6, instance:com.sgtesting.actitime.scenarios.Assignment3ObjectModel@609e8838]" started-at="2021-11-16T14:55:16 IST" name="deletecustomer" finished-at="2021-11-16T14:55:21 IST" duration-ms="5035" status="PASS">
          <reporter-output>
          </reporter-output>
        </test-method> <!-- deletecustomer -->
        <test-method signature="logout()[pri:7, instance:com.sgtesting.actitime.scenarios.Assignment3ObjectModel@609e8838]" started-at="2021-11-16T14:55:21 IST" name="logout" finished-at="2021-11-16T14:55:23 IST" duration-ms="2406" status="PASS">
          <reporter-output>
          </reporter-output>
        </test-method> <!-- logout -->
        <test-method signature="closeApplication()[pri:8, instance:com.sgtesting.actitime.scenarios.Assignment3ObjectModel@609e8838]" started-at="2021-11-16T14:55:23 IST" name="closeApplication" finished-at="2021-11-16T14:55:24 IST" duration-ms="321" status="PASS">
          <reporter-output>
          </reporter-output>
        </test-method> <!-- closeApplication -->
      </class> <!-- com.sgtesting.actitime.scenarios.Assignment3ObjectModel -->
      <class name="com.sgtesting.actitime.scenarios.Assignment4ObjectModel">
        <test-method signature="launchBrowser()[pri:1, instance:com.sgtesting.actitime.scenarios.Assignment4ObjectModel@359df09a]" started-at="2021-11-16T14:55:24 IST" name="launchBrowser" finished-at="2021-11-16T14:55:25 IST" duration-ms="1029" status="PASS">
          <reporter-output>
          </reporter-output>
        </test-method> <!-- launchBrowser -->
        <test-method signature="navigate()[pri:2, instance:com.sgtesting.actitime.scenarios.Assignment4ObjectModel@359df09a]" started-at="2021-11-16T14:55:25 IST" name="navigate" finished-at="2021-11-16T14:55:27 IST" duration-ms="2224" status="PASS">
          <reporter-output>
          </reporter-output>
        </test-method> <!-- navigate -->
        <test-method signature="login(java.lang.String,java.lang.String)[pri:3, instance:com.sgtesting.actitime.scenarios.Assignment4ObjectModel@359df09a]" started-at="2021-11-16T14:55:27 IST" name="login" data-provider="credentails" finished-at="2021-11-16T14:55:32 IST" duration-ms="5236" status="PASS">
          <params>
            <param index="0">
              <value>
                <![CDATA[admin]]>
              </value>
            </param>
            <param index="1">
              <value>
                <![CDATA[manager]]>
              </value>
            </param>
          </params>
          <reporter-output>
          </reporter-output>
        </test-method> <!-- login -->
        <test-method signature="minimizeFlyOutWindow()[pri:4, instance:com.sgtesting.actitime.scenarios.Assignment4ObjectModel@359df09a]" started-at="2021-11-16T14:55:32 IST" name="minimizeFlyOutWindow" finished-at="2021-11-16T14:55:34 IST" duration-ms="2182" status="PASS">
          <reporter-output>
          </reporter-output>
        </test-method> <!-- minimizeFlyOutWindow -->
        <test-method signature="createcustomer(java.lang.String)[pri:5, instance:com.sgtesting.actitime.scenarios.Assignment4ObjectModel@359df09a]" started-at="2021-11-16T14:55:34 IST" name="createcustomer" data-provider="createCustomer1Credentials" finished-at="2021-11-16T14:55:42 IST" duration-ms="7869" status="PASS">
          <params>
            <param index="0">
              <value>
                <![CDATA[Customer1]]>
              </value>
            </param>
          </params>
          <reporter-output>
          </reporter-output>
        </test-method> <!-- createcustomer -->
        <test-method signature="modifycustomer(java.lang.String)[pri:6, instance:com.sgtesting.actitime.scenarios.Assignment4ObjectModel@359df09a]" started-at="2021-11-16T14:55:42 IST" name="modifycustomer" data-provider="modifyCustomer1Credentials" finished-at="2021-11-16T14:55:46 IST" duration-ms="3725" status="PASS">
          <params>
            <param index="0">
              <value>
                <![CDATA[Customer123]]>
              </value>
            </param>
          </params>
          <reporter-output>
          </reporter-output>
        </test-method> <!-- modifycustomer -->
        <test-method signature="deletecustomer()[pri:7, instance:com.sgtesting.actitime.scenarios.Assignment4ObjectModel@359df09a]" started-at="2021-11-16T14:55:46 IST" name="deletecustomer" finished-at="2021-11-16T14:55:52 IST" duration-ms="6013" status="PASS">
          <reporter-output>
          </reporter-output>
        </test-method> <!-- deletecustomer -->
        <test-method signature="logout()[pri:8, instance:com.sgtesting.actitime.scenarios.Assignment4ObjectModel@359df09a]" started-at="2021-11-16T14:55:52 IST" name="logout" finished-at="2021-11-16T14:55:54 IST" duration-ms="2285" status="PASS">
          <reporter-output>
          </reporter-output>
        </test-method> <!-- logout -->
        <test-method signature="closeApplication()[pri:9, instance:com.sgtesting.actitime.scenarios.Assignment4ObjectModel@359df09a]" started-at="2021-11-16T14:55:54 IST" name="closeApplication" finished-at="2021-11-16T14:55:55 IST" duration-ms="278" status="PASS">
          <reporter-output>
          </reporter-output>
        </test-method> <!-- closeApplication -->
      </class> <!-- com.sgtesting.actitime.scenarios.Assignment4ObjectModel -->
      <class name="com.sgtesting.actitime.scenarios.Assignment5ObjectModel">
        <test-method signature="launchBrowser()[pri:1, instance:com.sgtesting.actitime.scenarios.Assignment5ObjectModel@43df23d3]" started-at="2021-11-16T14:55:55 IST" name="launchBrowser" finished-at="2021-11-16T14:55:56 IST" duration-ms="1121" status="PASS">
          <reporter-output>
          </reporter-output>
        </test-method> <!-- launchBrowser -->
        <test-method signature="navigate()[pri:2, instance:com.sgtesting.actitime.scenarios.Assignment5ObjectModel@43df23d3]" started-at="2021-11-16T14:55:56 IST" name="navigate" finished-at="2021-11-16T14:55:58 IST" duration-ms="1862" status="PASS">
          <reporter-output>
          </reporter-output>
        </test-method> <!-- navigate -->
        <test-method signature="login(java.lang.String,java.lang.String)[pri:3, instance:com.sgtesting.actitime.scenarios.Assignment5ObjectModel@43df23d3]" started-at="2021-11-16T14:55:58 IST" name="login" data-provider="credentails" finished-at="2021-11-16T14:56:03 IST" duration-ms="5236" status="PASS">
          <params>
            <param index="0">
              <value>
                <![CDATA[admin]]>
              </value>
            </param>
            <param index="1">
              <value>
                <![CDATA[manager]]>
              </value>
            </param>
          </params>
          <reporter-output>
          </reporter-output>
        </test-method> <!-- login -->
        <test-method signature="minimizeFlyOutWindow()[pri:4, instance:com.sgtesting.actitime.scenarios.Assignment5ObjectModel@43df23d3]" started-at="2021-11-16T14:56:03 IST" name="minimizeFlyOutWindow" finished-at="2021-11-16T14:56:05 IST" duration-ms="2183" status="PASS">
          <reporter-output>
          </reporter-output>
        </test-method> <!-- minimizeFlyOutWindow -->
        <test-method signature="createcustomer(java.lang.String)[pri:5, instance:com.sgtesting.actitime.scenarios.Assignment5ObjectModel@43df23d3]" started-at="2021-11-16T14:56:05 IST" name="createcustomer" data-provider="createCustomer1Credentials" finished-at="2021-11-16T14:56:13 IST" duration-ms="7982" status="PASS">
          <params>
            <param index="0">
              <value>
                <![CDATA[Customer1]]>
              </value>
            </param>
          </params>
          <reporter-output>
          </reporter-output>
        </test-method> <!-- createcustomer -->
        <test-method signature="createproject(java.lang.String)[pri:6, instance:com.sgtesting.actitime.scenarios.Assignment5ObjectModel@43df23d3]" started-at="2021-11-16T14:56:13 IST" name="createproject" data-provider="createProject1Credentials" finished-at="2021-11-16T14:56:19 IST" duration-ms="5665" status="PASS">
          <params>
            <param index="0">
              <value>
                <![CDATA[Project1]]>
              </value>
            </param>
          </params>
          <reporter-output>
          </reporter-output>
        </test-method> <!-- createproject -->
        <test-method signature="deleteproject()[pri:7, instance:com.sgtesting.actitime.scenarios.Assignment5ObjectModel@43df23d3]" started-at="2021-11-16T14:56:19 IST" name="deleteproject" finished-at="2021-11-16T14:56:26 IST" duration-ms="7005" status="PASS">
          <reporter-output>
          </reporter-output>
        </test-method> <!-- deleteproject -->
        <test-method signature="deletecustomer()[pri:8, instance:com.sgtesting.actitime.scenarios.Assignment5ObjectModel@43df23d3]" started-at="2021-11-16T14:56:26 IST" name="deletecustomer" finished-at="2021-11-16T14:56:33 IST" duration-ms="7018" status="PASS">
          <reporter-output>
          </reporter-output>
        </test-method> <!-- deletecustomer -->
        <test-method signature="logout()[pri:9, instance:com.sgtesting.actitime.scenarios.Assignment5ObjectModel@43df23d3]" started-at="2021-11-16T14:56:33 IST" name="logout" finished-at="2021-11-16T14:56:35 IST" duration-ms="2347" status="PASS">
          <reporter-output>
          </reporter-output>
        </test-method> <!-- logout -->
        <test-method signature="closeApplication()[pri:10, instance:com.sgtesting.actitime.scenarios.Assignment5ObjectModel@43df23d3]" started-at="2021-11-16T14:56:35 IST" name="closeApplication" finished-at="2021-11-16T14:56:35 IST" duration-ms="303" status="PASS">
          <reporter-output>
          </reporter-output>
        </test-method> <!-- closeApplication -->
      </class> <!-- com.sgtesting.actitime.scenarios.Assignment5ObjectModel -->
    </test> <!-- ActiTimeScenarios -->
  </suite> <!-- Testng TestScripts -->
</testng-results>
