<?xml version="1.0" encoding="UTF-8"?>
<!-- Generated by org.testng.reporters.JUnitXMLReporter -->
<testsuite ignored="0" hostname="DESKTOP-352SGAD" failures="0" tests="67" name="ActiTimeScenarios" time="288.026" errors="0" timestamp="2021-11-16T14:58:28 IST">
  <testcase classname="com.sgtesting.actitime.scenarios.Assignment1ObjectModel" name="launchBrowser" time="2.356"/>
  <testcase classname="com.sgtesting.actitime.scenarios.Assignment1ObjectModel" name="navigate" time="1.599"/>
  <testcase classname="com.sgtesting.actitime.scenarios.Assignment1ObjectModel" name="login" time="5.26"/>
  <testcase classname="com.sgtesting.actitime.scenarios.Assignment1ObjectModel" name="minimizeFlyOutWindow" time="2.071"/>
  <testcase classname="com.sgtesting.actitime.scenarios.Assignment1ObjectModel" name="createUser1" time="10.069"/>
  <testcase classname="com.sgtesting.actitime.scenarios.Assignment1ObjectModel" name="deleteUser1" time="11.341"/>
  <testcase classname="com.sgtesting.actitime.scenarios.Assignment1ObjectModel" name="logout" time="2.345"/>
  <testcase classname="com.sgtesting.actitime.scenarios.Assignment1ObjectModel" name="closeApplication" time="0.353"/>
  <testcase classname="com.sgtesting.actitime.scenarios.Assignment2ObjectModel" name="launchBrowser" time="1.101"/>
  <testcase classname="com.sgtesting.actitime.scenarios.Assignment2ObjectModel" name="navigate" time="3.409"/>
  <testcase classname="com.sgtesting.actitime.scenarios.Assignment2ObjectModel" name="login" time="5.233"/>
  <testcase classname="com.sgtesting.actitime.scenarios.Assignment2ObjectModel" name="minimizeFlyOutWindow" time="2.181"/>
  <testcase classname="com.sgtesting.actitime.scenarios.Assignment2ObjectModel" name="createUser1" time="10.114"/>
  <testcase classname="com.sgtesting.actitime.scenarios.Assignment2ObjectModel" name="modifyUser1" time="6.516"/>
  <testcase classname="com.sgtesting.actitime.scenarios.Assignment2ObjectModel" name="deleteUser1" time="11.313"/>
  <testcase classname="com.sgtesting.actitime.scenarios.Assignment2ObjectModel" name="logout" time="2.453"/>
  <testcase classname="com.sgtesting.actitime.scenarios.Assignment2ObjectModel" name="closeApplication" time="0.295"/>
  <testcase classname="com.sgtesting.actitime.scenarios.Assignment3ObjectModel" name="launchBrowser" time="1.266"/>
  <testcase classname="com.sgtesting.actitime.scenarios.Assignment3ObjectModel" name="navigate" time="2.535"/>
  <testcase classname="com.sgtesting.actitime.scenarios.Assignment3ObjectModel" name="login" time="5.302"/>
  <testcase classname="com.sgtesting.actitime.scenarios.Assignment3ObjectModel" name="minimizeFlyOutWindow" time="2.072"/>
  <testcase classname="com.sgtesting.actitime.scenarios.Assignment3ObjectModel" name="createcustomer" time="6.865"/>
  <testcase classname="com.sgtesting.actitime.scenarios.Assignment3ObjectModel" name="deletecustomer" time="5.035"/>
  <testcase classname="com.sgtesting.actitime.scenarios.Assignment3ObjectModel" name="logout" time="2.406"/>
  <testcase classname="com.sgtesting.actitime.scenarios.Assignment3ObjectModel" name="closeApplication" time="0.321"/>
  <testcase classname="com.sgtesting.actitime.scenarios.Assignment4ObjectModel" name="launchBrowser" time="1.029"/>
  <testcase classname="com.sgtesting.actitime.scenarios.Assignment4ObjectModel" name="navigate" time="2.224"/>
  <testcase classname="com.sgtesting.actitime.scenarios.Assignment4ObjectModel" name="login" time="5.236"/>
  <testcase classname="com.sgtesting.actitime.scenarios.Assignment4ObjectModel" name="minimizeFlyOutWindow" time="2.182"/>
  <testcase classname="com.sgtesting.actitime.scenarios.Assignment4ObjectModel" name="createcustomer" time="7.869"/>
  <testcase classname="com.sgtesting.actitime.scenarios.Assignment4ObjectModel" name="modifycustomer" time="3.725"/>
  <testcase classname="com.sgtesting.actitime.scenarios.Assignment4ObjectModel" name="deletecustomer" time="6.013"/>
  <testcase classname="com.sgtesting.actitime.scenarios.Assignment4ObjectModel" name="logout" time="2.285"/>
  <testcase classname="com.sgtesting.actitime.scenarios.Assignment4ObjectModel" name="closeApplication" time="0.278"/>
  <testcase classname="com.sgtesting.actitime.scenarios.Assignment5ObjectModel" name="launchBrowser" time="1.121"/>
  <testcase classname="com.sgtesting.actitime.scenarios.Assignment5ObjectModel" name="navigate" time="1.862"/>
  <testcase classname="com.sgtesting.actitime.scenarios.Assignment5ObjectModel" name="login" time="5.236"/>
  <testcase classname="com.sgtesting.actitime.scenarios.Assignment5ObjectModel" name="minimizeFlyOutWindow" time="2.183"/>
  <testcase classname="com.sgtesting.actitime.scenarios.Assignment5ObjectModel" name="createcustomer" time="7.982"/>
  <testcase classname="com.sgtesting.actitime.scenarios.Assignment5ObjectModel" name="createproject" time="5.665"/>
  <testcase classname="com.sgtesting.actitime.scenarios.Assignment5ObjectModel" name="deleteproject" time="7.005"/>
  <testcase classname="com.sgtesting.actitime.scenarios.Assignment5ObjectModel" name="deletecustomer" time="7.018"/>
  <testcase classname="com.sgtesting.actitime.scenarios.Assignment5ObjectModel" name="logout" time="2.347"/>
  <testcase classname="com.sgtesting.actitime.scenarios.Assignment5ObjectModel" name="closeApplication" time="0.303"/>
  <testcase classname="com.sgtesting.actitime.scenarios.Assignment6ObjectModel" name="launchBrowser" time="1.107"/>
  <testcase classname="com.sgtesting.actitime.scenarios.Assignment6ObjectModel" name="navigate" time="1.87"/>
  <testcase classname="com.sgtesting.actitime.scenarios.Assignment6ObjectModel" name="login" time="5.244"/>
  <testcase classname="com.sgtesting.actitime.scenarios.Assignment6ObjectModel" name="minimizeFlyOutWindow" time="2.091"/>
  <testcase classname="com.sgtesting.actitime.scenarios.Assignment6ObjectModel" name="createcustomer" time="7.981"/>
  <testcase classname="com.sgtesting.actitime.scenarios.Assignment6ObjectModel" name="createproject" time="5.687"/>
  <testcase classname="com.sgtesting.actitime.scenarios.Assignment6ObjectModel" name="modifyproject" time="9.435"/>
  <testcase classname="com.sgtesting.actitime.scenarios.Assignment6ObjectModel" name="deleteproject" time="7.01"/>
  <testcase classname="com.sgtesting.actitime.scenarios.Assignment6ObjectModel" name="deletecustomer" time="7.003"/>
  <testcase classname="com.sgtesting.actitime.scenarios.Assignment6ObjectModel" name="logout" time="2.428"/>
  <testcase classname="com.sgtesting.actitime.scenarios.Assignment6ObjectModel" name="closeApplication" time="0.298"/>
  <testcase classname="com.sgtesting.actitime.scenarios.Assignment7ObjectModel" name="launchBrowser" time="1.247"/>
  <testcase classname="com.sgtesting.actitime.scenarios.Assignment7ObjectModel" name="navigate" time="2.064"/>
  <testcase classname="com.sgtesting.actitime.scenarios.Assignment7ObjectModel" name="login" time="5.233"/>
  <testcase classname="com.sgtesting.actitime.scenarios.Assignment7ObjectModel" name="minimizeFlyOutWindow" time="2.053"/>
  <testcase classname="com.sgtesting.actitime.scenarios.Assignment7ObjectModel" name="createcustomer" time="8.09"/>
  <testcase classname="com.sgtesting.actitime.scenarios.Assignment7ObjectModel" name="createproject" time="5.625"/>
  <testcase classname="com.sgtesting.actitime.scenarios.Assignment7ObjectModel" name="createTask" time="10.666"/>
  <testcase classname="com.sgtesting.actitime.scenarios.Assignment7ObjectModel" name="deleteTask" time="10.546"/>
  <testcase classname="com.sgtesting.actitime.scenarios.Assignment7ObjectModel" name="deleteproject" time="7.107"/>
  <testcase classname="com.sgtesting.actitime.scenarios.Assignment7ObjectModel" name="deletecustomer" time="7.008"/>
  <testcase classname="com.sgtesting.actitime.scenarios.Assignment7ObjectModel" name="logout" time="2.307"/>
  <testcase classname="com.sgtesting.actitime.scenarios.Assignment7ObjectModel" name="closeApplication" time="0.308"/>
</testsuite> <!-- ActiTimeScenarios -->
