<?xml version="1.0" encoding="UTF-8"?>
<!-- Generated by org.testng.reporters.JUnitXMLReporter -->
<testsuite ignored="0" hostname="DESKTOP-352SGAD" failures="0" tests="67" name="ActiTimeScenrios" time="299.465" errors="0" timestamp="2021-11-16T00:48:46 IST">
  <testcase classname="com.sgtesting.actitime.scenarios.Assignment1ObjectModel" name="launchBrowser" time="5.441"/>
  <testcase classname="com.sgtesting.actitime.scenarios.Assignment1ObjectModel" name="navigate" time="4.862"/>
  <testcase classname="com.sgtesting.actitime.scenarios.Assignment1ObjectModel" name="login" time="5.261"/>
  <testcase classname="com.sgtesting.actitime.scenarios.Assignment1ObjectModel" name="minimizeFlyOutWindow" time="2.192"/>
  <testcase classname="com.sgtesting.actitime.scenarios.Assignment1ObjectModel" name="createUser1" time="12.349"/>
  <testcase classname="com.sgtesting.actitime.scenarios.Assignment1ObjectModel" name="deleteUser1" time="11.322"/>
  <testcase classname="com.sgtesting.actitime.scenarios.Assignment1ObjectModel" name="logout" time="2.438"/>
  <testcase classname="com.sgtesting.actitime.scenarios.Assignment1ObjectModel" name="closeApplication" time="0.625"/>
  <testcase classname="com.sgtesting.actitime.scenarios.Assignment2ObjectModel" name="launchBrowser" time="1.198"/>
  <testcase classname="com.sgtesting.actitime.scenarios.Assignment2ObjectModel" name="navigate" time="3.367"/>
  <testcase classname="com.sgtesting.actitime.scenarios.Assignment2ObjectModel" name="login" time="5.287"/>
  <testcase classname="com.sgtesting.actitime.scenarios.Assignment2ObjectModel" name="minimizeFlyOutWindow" time="2.198"/>
  <testcase classname="com.sgtesting.actitime.scenarios.Assignment2ObjectModel" name="createUser1" time="10.909"/>
  <testcase classname="com.sgtesting.actitime.scenarios.Assignment2ObjectModel" name="modifyUser1" time="6.668"/>
  <testcase classname="com.sgtesting.actitime.scenarios.Assignment2ObjectModel" name="deleteUser1" time="11.301"/>
  <testcase classname="com.sgtesting.actitime.scenarios.Assignment2ObjectModel" name="logout" time="2.48"/>
  <testcase classname="com.sgtesting.actitime.scenarios.Assignment2ObjectModel" name="closeApplication" time="0.295"/>
  <testcase classname="com.sgtesting.actitime.scenarios.Assignment3ObjectModel" name="launchBrowser" time="1.211"/>
  <testcase classname="com.sgtesting.actitime.scenarios.Assignment3ObjectModel" name="navigate" time="2.243"/>
  <testcase classname="com.sgtesting.actitime.scenarios.Assignment3ObjectModel" name="login" time="5.247"/>
  <testcase classname="com.sgtesting.actitime.scenarios.Assignment3ObjectModel" name="minimizeFlyOutWindow" time="2.186"/>
  <testcase classname="com.sgtesting.actitime.scenarios.Assignment3ObjectModel" name="createcustomer" time="7.179"/>
  <testcase classname="com.sgtesting.actitime.scenarios.Assignment3ObjectModel" name="deletecustomer" time="5.055"/>
  <testcase classname="com.sgtesting.actitime.scenarios.Assignment3ObjectModel" name="logout" time="2.399"/>
  <testcase classname="com.sgtesting.actitime.scenarios.Assignment3ObjectModel" name="closeApplication" time="0.311"/>
  <testcase classname="com.sgtesting.actitime.scenarios.Assignment4ObjectModel" name="launchBrowser" time="1.711"/>
  <testcase classname="com.sgtesting.actitime.scenarios.Assignment4ObjectModel" name="navigate" time="1.894"/>
  <testcase classname="com.sgtesting.actitime.scenarios.Assignment4ObjectModel" name="login" time="5.257"/>
  <testcase classname="com.sgtesting.actitime.scenarios.Assignment4ObjectModel" name="minimizeFlyOutWindow" time="2.181"/>
  <testcase classname="com.sgtesting.actitime.scenarios.Assignment4ObjectModel" name="createcustomer" time="8.06"/>
  <testcase classname="com.sgtesting.actitime.scenarios.Assignment4ObjectModel" name="modifycustomer" time="3.738"/>
  <testcase classname="com.sgtesting.actitime.scenarios.Assignment4ObjectModel" name="deletecustomer" time="6.107"/>
  <testcase classname="com.sgtesting.actitime.scenarios.Assignment4ObjectModel" name="logout" time="2.376"/>
  <testcase classname="com.sgtesting.actitime.scenarios.Assignment4ObjectModel" name="closeApplication" time="0.311"/>
  <testcase classname="com.sgtesting.actitime.scenarios.Assignment5ObjectModel" name="launchBrowser" time="1.062"/>
  <testcase classname="com.sgtesting.actitime.scenarios.Assignment5ObjectModel" name="navigate" time="2.231"/>
  <testcase classname="com.sgtesting.actitime.scenarios.Assignment5ObjectModel" name="login" time="5.234"/>
  <testcase classname="com.sgtesting.actitime.scenarios.Assignment5ObjectModel" name="minimizeFlyOutWindow" time="2.059"/>
  <testcase classname="com.sgtesting.actitime.scenarios.Assignment5ObjectModel" name="createcustomer" time="8.195"/>
  <testcase classname="com.sgtesting.actitime.scenarios.Assignment5ObjectModel" name="createproject" time="5.662"/>
  <testcase classname="com.sgtesting.actitime.scenarios.Assignment5ObjectModel" name="deleteproject" time="7.124"/>
  <testcase classname="com.sgtesting.actitime.scenarios.Assignment5ObjectModel" name="deletecustomer" time="7.106"/>
  <testcase classname="com.sgtesting.actitime.scenarios.Assignment5ObjectModel" name="logout" time="2.495"/>
  <testcase classname="com.sgtesting.actitime.scenarios.Assignment5ObjectModel" name="closeApplication" time="0.322"/>
  <testcase classname="com.sgtesting.actitime.scenarios.Assignment6ObjectModel" name="launchBrowser" time="1.045"/>
  <testcase classname="com.sgtesting.actitime.scenarios.Assignment6ObjectModel" name="navigate" time="2.252"/>
  <testcase classname="com.sgtesting.actitime.scenarios.Assignment6ObjectModel" name="login" time="5.232"/>
  <testcase classname="com.sgtesting.actitime.scenarios.Assignment6ObjectModel" name="minimizeFlyOutWindow" time="2.078"/>
  <testcase classname="com.sgtesting.actitime.scenarios.Assignment6ObjectModel" name="createcustomer" time="8.828"/>
  <testcase classname="com.sgtesting.actitime.scenarios.Assignment6ObjectModel" name="createproject" time="5.71"/>
  <testcase classname="com.sgtesting.actitime.scenarios.Assignment6ObjectModel" name="modifyproject" time="9.562"/>
  <testcase classname="com.sgtesting.actitime.scenarios.Assignment6ObjectModel" name="deleteproject" time="7.033"/>
  <testcase classname="com.sgtesting.actitime.scenarios.Assignment6ObjectModel" name="deletecustomer" time="7.106"/>
  <testcase classname="com.sgtesting.actitime.scenarios.Assignment6ObjectModel" name="logout" time="2.368"/>
  <testcase classname="com.sgtesting.actitime.scenarios.Assignment6ObjectModel" name="closeApplication" time="0.374"/>
  <testcase classname="com.sgtesting.actitime.scenarios.Assignment7ObjectModel" name="launchBrowser" time="1.101"/>
  <testcase classname="com.sgtesting.actitime.scenarios.Assignment7ObjectModel" name="navigate" time="2.226"/>
  <testcase classname="com.sgtesting.actitime.scenarios.Assignment7ObjectModel" name="login" time="5.234"/>
  <testcase classname="com.sgtesting.actitime.scenarios.Assignment7ObjectModel" name="minimizeFlyOutWindow" time="2.058"/>
  <testcase classname="com.sgtesting.actitime.scenarios.Assignment7ObjectModel" name="createcustomer" time="7.992"/>
  <testcase classname="com.sgtesting.actitime.scenarios.Assignment7ObjectModel" name="createproject" time="5.711"/>
  <testcase classname="com.sgtesting.actitime.scenarios.Assignment7ObjectModel" name="createTask" time="10.714"/>
  <testcase classname="com.sgtesting.actitime.scenarios.Assignment7ObjectModel" name="deleteTask" time="10.596"/>
  <testcase classname="com.sgtesting.actitime.scenarios.Assignment7ObjectModel" name="deleteproject" time="4.871"/>
  <testcase classname="com.sgtesting.actitime.scenarios.Assignment7ObjectModel" name="deletecustomer" time="7.11"/>
  <testcase classname="com.sgtesting.actitime.scenarios.Assignment7ObjectModel" name="logout" time="2.46"/>
  <testcase classname="com.sgtesting.actitime.scenarios.Assignment7ObjectModel" name="closeApplication" time="0.345"/>
</testsuite> <!-- ActiTimeScenrios -->
