<?xml version="1.0" encoding="UTF-8"?>
<testng-results ignored="0" total="1" passed="1" failed="0" skipped="0">
  <reporter-output>
  </reporter-output>
  <suite started-at="2021-11-27T18:33:28 IST" name="Automation" finished-at="2021-11-27T18:35:35 IST" duration-ms="126462">
    <groups>
    </groups>
    <test started-at="2021-11-27T18:33:28 IST" name="ActiTime TestScript" finished-at="2021-11-27T18:35:35 IST" duration-ms="126462">
      <class name="com.sgtesting.actitime.driverscript.DriverScript">
        <test-method is-config="true" signature="startAutomationSuite()[pri:0, instance:com.sgtesting.actitime.driverscript.DriverScript@710636b0]" started-at="2021-11-27T18:33:28 IST" name="startAutomationSuite" finished-at="2021-11-27T18:33:28 IST" duration-ms="19" status="PASS">
          <reporter-output>
          </reporter-output>
        </test-method> <!-- startAutomationSuite -->
        <test-method is-config="true" signature="loadFiles()[pri:0, instance:com.sgtesting.actitime.driverscript.DriverScript@710636b0]" started-at="2021-11-27T18:33:28 IST" name="loadFiles" finished-at="2021-11-27T18:33:29 IST" duration-ms="6" status="PASS">
          <reporter-output>
          </reporter-output>
        </test-method> <!-- loadFiles -->
        <test-method signature="executeTestScenarios()[pri:0, instance:com.sgtesting.actitime.driverscript.DriverScript@710636b0]" started-at="2021-11-27T18:33:29 IST" name="executeTestScenarios" finished-at="2021-11-27T18:35:35 IST" duration-ms="126428" status="PASS">
          <reporter-output>
          </reporter-output>
        </test-method> <!-- executeTestScenarios -->
        <test-method is-config="true" signature="endAutomationSuite()[pri:0, instance:com.sgtesting.actitime.driverscript.DriverScript@710636b0]" started-at="2021-11-27T18:35:35 IST" name="endAutomationSuite" finished-at="2021-11-27T18:35:35 IST" duration-ms="26" status="PASS">
          <reporter-output>
          </reporter-output>
        </test-method> <!-- endAutomationSuite -->
      </class> <!-- com.sgtesting.actitime.driverscript.DriverScript -->
    </test> <!-- ActiTime TestScript -->
  </suite> <!-- Automation -->
</testng-results>
